<?xml version="1.0" encoding="UTF-8"?>
<testng-results skipped="0" failed="0" ignored="0" total="1" passed="1">
  <reporter-output>
  </reporter-output>
  <suite name="Default suite" duration-ms="10314" started-at="2020-01-14T11:15:05Z" finished-at="2020-01-14T11:15:15Z">
    <groups>
    </groups>
    <test name="Default test" duration-ms="10314" started-at="2020-01-14T11:15:05Z" finished-at="2020-01-14T11:15:15Z">
      <class name="testNGPakageDemo.SeleniumGrid">
        <test-method status="PASS" signature="verifyLogin()[pri:0, instance:testNGPakageDemo.SeleniumGrid@6d78f375]" name="verifyLogin" duration-ms="10283" started-at="2020-01-14T11:15:05Z" finished-at="2020-01-14T11:15:15Z">
          <reporter-output>
          </reporter-output>
        </test-method> <!-- verifyLogin -->
      </class> <!-- testNGPakageDemo.SeleniumGrid -->
    </test> <!-- Default test -->
  </suite> <!-- Default suite -->
</testng-results>
